[1.015s] Invoking command in '/home/esteban/Intro_robots': PYTHONPATH=/home/esteban/Intro_robots/build/servo_controller/prefix_override:/usr/lib/python3/dist-packages/colcon_core/task/python/colcon_distutils_commands:/home/esteban/Intro_robots/install/servo_controller/lib/python3.10/site-packages:${PYTHONPATH} /usr/bin/python3 -W ignore:setup.py install is deprecated setup.py egg_info --egg-base build/servo_controller build --build-base /home/esteban/Intro_robots/build/servo_controller/build install --record /home/esteban/Intro_robots/build/servo_controller/install.log --single-version-externally-managed install_data
[1.404s] running egg_info
[1.405s] writing build/servo_controller/servo_controller.egg-info/PKG-INFO
[1.405s] writing dependency_links to build/servo_controller/servo_controller.egg-info/dependency_links.txt
[1.406s] writing entry points to build/servo_controller/servo_controller.egg-info/entry_points.txt
[1.406s] writing requirements to build/servo_controller/servo_controller.egg-info/requires.txt
[1.407s] writing top-level names to build/servo_controller/servo_controller.egg-info/top_level.txt
[1.410s] reading manifest file 'build/servo_controller/servo_controller.egg-info/SOURCES.txt'
[1.410s] adding license file 'LICENSE'
[1.411s] writing manifest file 'build/servo_controller/servo_controller.egg-info/SOURCES.txt'
[1.412s] running build
[1.412s] running build_py
[1.412s] running install
[1.412s] running install_lib
[1.414s] running install_data
[1.414s] copying launch/servo_controller_gazebo.launch.py -> /home/esteban/Intro_robots/install/servo_controller/share/servo_controller/launch
[1.415s] running install_egg_info
[1.419s] removing '/home/esteban/Intro_robots/install/servo_controller/lib/python3.10/site-packages/servo_controller-0.0.0-py3.10.egg-info' (and everything under it)
[1.419s] Copying build/servo_controller/servo_controller.egg-info to /home/esteban/Intro_robots/install/servo_controller/lib/python3.10/site-packages/servo_controller-0.0.0-py3.10.egg-info
[1.421s] running install_scripts
[1.452s] Installing servo_controller script to /home/esteban/Intro_robots/install/servo_controller/lib/servo_controller
[1.452s] writing list of installed files to '/home/esteban/Intro_robots/build/servo_controller/install.log'
[1.488s] Invoked command in '/home/esteban/Intro_robots' returned '0': PYTHONPATH=/home/esteban/Intro_robots/build/servo_controller/prefix_override:/usr/lib/python3/dist-packages/colcon_core/task/python/colcon_distutils_commands:/home/esteban/Intro_robots/install/servo_controller/lib/python3.10/site-packages:${PYTHONPATH} /usr/bin/python3 -W ignore:setup.py install is deprecated setup.py egg_info --egg-base build/servo_controller build --build-base /home/esteban/Intro_robots/build/servo_controller/build install --record /home/esteban/Intro_robots/build/servo_controller/install.log --single-version-externally-managed install_data
