[0.882s] Invoking command in '/home/dido/servo_controller': PYTHONPATH=/home/dido/servo_controller/build/servo_controller/prefix_override:/usr/lib/python3/dist-packages/colcon_core/task/python/colcon_distutils_commands:/home/dido/servo_controller/install/servo_controller/lib/python3.10/site-packages:${PYTHONPATH} /usr/bin/python3 -W ignore:setup.py install is deprecated setup.py egg_info --egg-base build/servo_controller build --build-base /home/dido/servo_controller/build/servo_controller/build install --record /home/dido/servo_controller/build/servo_controller/install.log --single-version-externally-managed install_data
[1.133s] running egg_info
[1.134s] writing build/servo_controller/servo_controller.egg-info/PKG-INFO
[1.134s] writing dependency_links to build/servo_controller/servo_controller.egg-info/dependency_links.txt
[1.135s] writing entry points to build/servo_controller/servo_controller.egg-info/entry_points.txt
[1.135s] writing requirements to build/servo_controller/servo_controller.egg-info/requires.txt
[1.135s] writing top-level names to build/servo_controller/servo_controller.egg-info/top_level.txt
[1.137s] reading manifest file 'build/servo_controller/servo_controller.egg-info/SOURCES.txt'
[1.137s] adding license file 'LICENSE'
[1.138s] writing manifest file 'build/servo_controller/servo_controller.egg-info/SOURCES.txt'
[1.138s] running build
[1.138s] running build_py
[1.139s] copying servo_controller/servo_controller.py -> /home/dido/servo_controller/build/servo_controller/build/lib/servo_controller
[1.139s] running install
[1.139s] running install_lib
[1.140s] copying /home/dido/servo_controller/build/servo_controller/build/lib/servo_controller/servo_controller.py -> /home/dido/servo_controller/install/servo_controller/lib/python3.10/site-packages/servo_controller
[1.141s] byte-compiling /home/dido/servo_controller/install/servo_controller/lib/python3.10/site-packages/servo_controller/servo_controller.py to servo_controller.cpython-310.pyc
[1.142s] running install_data
[1.142s] running install_egg_info
[1.143s] removing '/home/dido/servo_controller/install/servo_controller/lib/python3.10/site-packages/servo_controller-0.0.0-py3.10.egg-info' (and everything under it)
[1.144s] Copying build/servo_controller/servo_controller.egg-info to /home/dido/servo_controller/install/servo_controller/lib/python3.10/site-packages/servo_controller-0.0.0-py3.10.egg-info
[1.145s] running install_scripts
[1.165s] Installing servo_controller script to /home/dido/servo_controller/install/servo_controller/lib/servo_controller
[1.166s] writing list of installed files to '/home/dido/servo_controller/build/servo_controller/install.log'
[1.188s] Invoked command in '/home/dido/servo_controller' returned '0': PYTHONPATH=/home/dido/servo_controller/build/servo_controller/prefix_override:/usr/lib/python3/dist-packages/colcon_core/task/python/colcon_distutils_commands:/home/dido/servo_controller/install/servo_controller/lib/python3.10/site-packages:${PYTHONPATH} /usr/bin/python3 -W ignore:setup.py install is deprecated setup.py egg_info --egg-base build/servo_controller build --build-base /home/dido/servo_controller/build/servo_controller/build install --record /home/dido/servo_controller/build/servo_controller/install.log --single-version-externally-managed install_data
