running egg_info
writing build/servo_controller/servo_controller.egg-info/PKG-INFO
writing dependency_links to build/servo_controller/servo_controller.egg-info/dependency_links.txt
writing entry points to build/servo_controller/servo_controller.egg-info/entry_points.txt
writing requirements to build/servo_controller/servo_controller.egg-info/requires.txt
writing top-level names to build/servo_controller/servo_controller.egg-info/top_level.txt
reading manifest file 'build/servo_controller/servo_controller.egg-info/SOURCES.txt'
adding license file 'LICENSE'
writing manifest file 'build/servo_controller/servo_controller.egg-info/SOURCES.txt'
running build
running build_py
running install
running install_lib
running install_data
copying package.xml -> /home/esteban/Intro_robots/install/servo_controller/share/servo_controller
copying launch/servo_controller_gazebo.launch.py -> /home/esteban/Intro_robots/install/servo_controller/share/servo_controller/launch
running install_egg_info
removing '/home/esteban/Intro_robots/install/servo_controller/lib/python3.10/site-packages/servo_controller-0.0.0-py3.10.egg-info' (and everything under it)
Copying build/servo_controller/servo_controller.egg-info to /home/esteban/Intro_robots/install/servo_controller/lib/python3.10/site-packages/servo_controller-0.0.0-py3.10.egg-info
running install_scripts
Installing servo_controller script to /home/esteban/Intro_robots/install/servo_controller/lib/servo_controller
writing list of installed files to '/home/esteban/Intro_robots/build/servo_controller/install.log'
