[0.331s] DEBUG:colcon:Command line arguments: ['/usr/bin/colcon', 'build']
[0.331s] DEBUG:colcon:Parsed command line arguments: Namespace(log_base=None, log_level=None, verb_name='build', build_base='build', install_base='install', merge_install=False, symlink_install=False, test_result_base=None, continue_on_error=False, executor='parallel', parallel_workers=28, event_handlers=None, ignore_user_meta=False, metas=['./colcon.meta'], base_paths=['.'], packages_ignore=None, packages_ignore_regex=None, paths=None, packages_up_to=None, packages_up_to_regex=None, packages_above=None, packages_above_and_dependencies=None, packages_above_depth=None, packages_select_by_dep=None, packages_skip_by_dep=None, packages_skip_up_to=None, packages_select_build_failed=False, packages_skip_build_finished=False, packages_select_test_failures=False, packages_skip_test_passed=False, packages_select=None, packages_skip=None, packages_select_regex=None, packages_skip_regex=None, packages_start=None, packages_end=None, allow_overriding=[], cmake_args=None, cmake_target=None, cmake_target_skip_unavailable=False, cmake_clean_cache=False, cmake_clean_first=False, cmake_force_configure=False, ament_cmake_args=None, catkin_cmake_args=None, catkin_skip_building_tests=False, verb_parser=<colcon_defaults.argument_parser.defaults.DefaultArgumentsDecorator object at 0x7fbe1d4f43d0>, verb_extension=<colcon_core.verb.build.BuildVerb object at 0x7fbe1d4bfdc0>, main=<bound method BuildVerb.main of <colcon_core.verb.build.BuildVerb object at 0x7fbe1d4bfdc0>>)
[0.751s] Level 1:colcon.colcon_core.package_discovery:discover_packages(colcon_meta) check parameters
[0.751s] Level 1:colcon.colcon_core.package_discovery:discover_packages(recursive) check parameters
[0.751s] Level 1:colcon.colcon_core.package_discovery:discover_packages(ignore) check parameters
[0.751s] Level 1:colcon.colcon_core.package_discovery:discover_packages(path) check parameters
[0.751s] Level 1:colcon.colcon_core.package_discovery:discover_packages(colcon_meta) discover
[0.752s] Level 1:colcon.colcon_core.package_discovery:discover_packages(recursive) discover
[0.752s] INFO:colcon.colcon_core.package_discovery:Crawling recursively for packages in '/home/dido/servo_controller'
[0.752s] Level 1:colcon.colcon_core.package_identification:_identify(.) by extensions ['ignore', 'ignore_ament_install']
[0.752s] Level 1:colcon.colcon_core.package_identification:_identify(.) by extension 'ignore'
[0.752s] Level 1:colcon.colcon_core.package_identification:_identify(.) by extension 'ignore_ament_install'
[0.752s] Level 1:colcon.colcon_core.package_identification:_identify(.) by extensions ['colcon_pkg']
[0.752s] Level 1:colcon.colcon_core.package_identification:_identify(.) by extension 'colcon_pkg'
[0.752s] Level 1:colcon.colcon_core.package_identification:_identify(.) by extensions ['colcon_meta']
[0.752s] Level 1:colcon.colcon_core.package_identification:_identify(.) by extension 'colcon_meta'
[0.752s] Level 1:colcon.colcon_core.package_identification:_identify(.) by extensions ['ros']
[0.752s] Level 1:colcon.colcon_core.package_identification:_identify(.) by extension 'ros'
[0.773s] DEBUG:colcon.colcon_core.package_identification:Package '.' with type 'ros.ament_python' and name 'servo_controller'
[0.773s] Level 1:colcon.colcon_core.package_discovery:discover_packages(recursive) using defaults
[0.773s] Level 1:colcon.colcon_core.package_discovery:discover_packages(ignore) discover
[0.773s] Level 1:colcon.colcon_core.package_discovery:discover_packages(ignore) using defaults
[0.773s] Level 1:colcon.colcon_core.package_discovery:discover_packages(path) discover
[0.773s] Level 1:colcon.colcon_core.package_discovery:discover_packages(path) using defaults
[0.809s] Level 1:colcon.colcon_core.package_discovery:discover_packages(prefix_path) check parameters
[0.809s] Level 1:colcon.colcon_core.package_discovery:discover_packages(prefix_path) discover
[0.814s] DEBUG:colcon.colcon_installed_package_information.package_discovery:Found 1 installed packages in /home/dido/servo_controller/install
[0.815s] DEBUG:colcon.colcon_installed_package_information.package_discovery:Found 1 installed packages in /home/dido/turtlebot_servo/install
[0.817s] DEBUG:colcon.colcon_installed_package_information.package_discovery:Found 270 installed packages in /opt/ros/humble
[0.818s] Level 1:colcon.colcon_core.package_discovery:discover_packages(prefix_path) using defaults
[0.943s] Level 5:colcon.colcon_core.verb:set package 'servo_controller' build argument 'cmake_args' from command line to 'None'
[0.943s] Level 5:colcon.colcon_core.verb:set package 'servo_controller' build argument 'cmake_target' from command line to 'None'
[0.943s] Level 5:colcon.colcon_core.verb:set package 'servo_controller' build argument 'cmake_target_skip_unavailable' from command line to 'False'
[0.943s] Level 5:colcon.colcon_core.verb:set package 'servo_controller' build argument 'cmake_clean_cache' from command line to 'False'
[0.943s] Level 5:colcon.colcon_core.verb:set package 'servo_controller' build argument 'cmake_clean_first' from command line to 'False'
[0.943s] Level 5:colcon.colcon_core.verb:set package 'servo_controller' build argument 'cmake_force_configure' from command line to 'False'
[0.943s] Level 5:colcon.colcon_core.verb:set package 'servo_controller' build argument 'ament_cmake_args' from command line to 'None'
[0.943s] Level 5:colcon.colcon_core.verb:set package 'servo_controller' build argument 'catkin_cmake_args' from command line to 'None'
[0.943s] Level 5:colcon.colcon_core.verb:set package 'servo_controller' build argument 'catkin_skip_building_tests' from command line to 'False'
[0.943s] DEBUG:colcon.colcon_core.verb:Building package 'servo_controller' with the following arguments: {'ament_cmake_args': None, 'build_base': '/home/dido/servo_controller/build/servo_controller', 'catkin_cmake_args': None, 'catkin_skip_building_tests': False, 'cmake_args': None, 'cmake_clean_cache': False, 'cmake_clean_first': False, 'cmake_force_configure': False, 'cmake_target': None, 'cmake_target_skip_unavailable': False, 'install_base': '/home/dido/servo_controller/install/servo_controller', 'merge_install': False, 'path': '/home/dido/servo_controller', 'symlink_install': False, 'test_result_base': None}
[0.944s] INFO:colcon.colcon_core.executor:Executing jobs using 'parallel' executor
[0.945s] DEBUG:colcon.colcon_parallel_executor.executor.parallel:run_until_complete
[0.945s] INFO:colcon.colcon_ros.task.ament_python.build:Building ROS package in '/home/dido/servo_controller' with build type 'ament_python'
[0.945s] Level 1:colcon.colcon_core.shell:create_environment_hook('servo_controller', 'ament_prefix_path')
[0.952s] INFO:colcon.colcon_core.plugin_system:Skipping extension 'colcon_core.shell.bat': Not used on non-Windows systems
[0.952s] INFO:colcon.colcon_core.shell:Creating environment hook '/home/dido/servo_controller/install/servo_controller/share/servo_controller/hook/ament_prefix_path.ps1'
[0.954s] INFO:colcon.colcon_core.shell:Creating environment descriptor '/home/dido/servo_controller/install/servo_controller/share/servo_controller/hook/ament_prefix_path.dsv'
[0.955s] INFO:colcon.colcon_core.shell:Creating environment hook '/home/dido/servo_controller/install/servo_controller/share/servo_controller/hook/ament_prefix_path.sh'
[0.957s] INFO:colcon.colcon_core.shell:Skip shell extension 'powershell' for command environment: Not usable outside of PowerShell
[0.957s] DEBUG:colcon.colcon_core.shell:Skip shell extension 'dsv' for command environment
[1.231s] INFO:colcon.colcon_core.task.python.build:Building Python package in '/home/dido/servo_controller'
[1.231s] INFO:colcon.colcon_core.shell:Skip shell extension 'powershell' for command environment: Not usable outside of PowerShell
[1.231s] DEBUG:colcon.colcon_core.shell:Skip shell extension 'dsv' for command environment
[1.828s] DEBUG:colcon.colcon_core.event_handler.log_command:Invoking command in '/home/dido/servo_controller': PYTHONPATH=/home/dido/servo_controller/build/servo_controller/prefix_override:/usr/lib/python3/dist-packages/colcon_core/task/python/colcon_distutils_commands:/home/dido/servo_controller/install/servo_controller/lib/python3.10/site-packages:${PYTHONPATH} /usr/bin/python3 -W ignore:setup.py install is deprecated setup.py egg_info --egg-base build/servo_controller build --build-base /home/dido/servo_controller/build/servo_controller/build install --record /home/dido/servo_controller/build/servo_controller/install.log --single-version-externally-managed install_data
[2.134s] DEBUG:colcon.colcon_core.event_handler.log_command:Invoked command in '/home/dido/servo_controller' returned '0': PYTHONPATH=/home/dido/servo_controller/build/servo_controller/prefix_override:/usr/lib/python3/dist-packages/colcon_core/task/python/colcon_distutils_commands:/home/dido/servo_controller/install/servo_controller/lib/python3.10/site-packages:${PYTHONPATH} /usr/bin/python3 -W ignore:setup.py install is deprecated setup.py egg_info --egg-base build/servo_controller build --build-base /home/dido/servo_controller/build/servo_controller/build install --record /home/dido/servo_controller/build/servo_controller/install.log --single-version-externally-managed install_data
[2.141s] Level 1:colcon.colcon_core.environment:checking '/home/dido/servo_controller/install/servo_controller' for CMake module files
[2.142s] Level 1:colcon.colcon_core.environment:checking '/home/dido/servo_controller/install/servo_controller' for CMake config files
[2.143s] Level 1:colcon.colcon_core.environment:checking '/home/dido/servo_controller/install/servo_controller/lib'
[2.143s] Level 1:colcon.colcon_core.environment:checking '/home/dido/servo_controller/install/servo_controller/bin'
[2.143s] Level 1:colcon.colcon_core.environment:checking '/home/dido/servo_controller/install/servo_controller/lib/pkgconfig/servo_controller.pc'
[2.143s] Level 1:colcon.colcon_core.environment:checking '/home/dido/servo_controller/install/servo_controller/lib/python3.10/site-packages'
[2.143s] Level 1:colcon.colcon_core.shell:create_environment_hook('servo_controller', 'pythonpath')
[2.144s] INFO:colcon.colcon_core.shell:Creating environment hook '/home/dido/servo_controller/install/servo_controller/share/servo_controller/hook/pythonpath.ps1'
[2.144s] INFO:colcon.colcon_core.shell:Creating environment descriptor '/home/dido/servo_controller/install/servo_controller/share/servo_controller/hook/pythonpath.dsv'
[2.145s] INFO:colcon.colcon_core.shell:Creating environment hook '/home/dido/servo_controller/install/servo_controller/share/servo_controller/hook/pythonpath.sh'
[2.145s] Level 1:colcon.colcon_core.environment:checking '/home/dido/servo_controller/install/servo_controller/bin'
[2.145s] Level 1:colcon.colcon_core.environment:create_environment_scripts_only(servo_controller)
[2.146s] INFO:colcon.colcon_core.shell:Creating package script '/home/dido/servo_controller/install/servo_controller/share/servo_controller/package.ps1'
[2.147s] INFO:colcon.colcon_core.shell:Creating package descriptor '/home/dido/servo_controller/install/servo_controller/share/servo_controller/package.dsv'
[2.148s] INFO:colcon.colcon_core.shell:Creating package script '/home/dido/servo_controller/install/servo_controller/share/servo_controller/package.sh'
[2.149s] INFO:colcon.colcon_core.shell:Creating package script '/home/dido/servo_controller/install/servo_controller/share/servo_controller/package.bash'
[2.150s] INFO:colcon.colcon_core.shell:Creating package script '/home/dido/servo_controller/install/servo_controller/share/servo_controller/package.zsh'
[2.152s] Level 1:colcon.colcon_core.environment:create_file_with_runtime_dependencies(/home/dido/servo_controller/install/servo_controller/share/colcon-core/packages/servo_controller)
[2.152s] DEBUG:colcon.colcon_parallel_executor.executor.parallel:closing loop
[2.153s] DEBUG:colcon.colcon_parallel_executor.executor.parallel:loop closed
[2.153s] DEBUG:colcon.colcon_parallel_executor.executor.parallel:run_until_complete finished with '0'
[2.153s] DEBUG:colcon.colcon_core.event_reactor:joining thread
[2.195s] INFO:colcon.colcon_core.plugin_system:Skipping extension 'colcon_notification.desktop_notification.notify_send': Could not find 'notify-send'
[2.195s] INFO:colcon.colcon_core.plugin_system:Skipping extension 'colcon_notification.desktop_notification.terminal_notifier': Not used on non-Darwin systems
[2.195s] INFO:colcon.colcon_core.plugin_system:Skipping extension 'colcon_notification.desktop_notification.win32': Not used on non-Windows systems
[2.196s] INFO:colcon.colcon_notification.desktop_notification:Sending desktop notification using 'notify2'
[2.196s] DEBUG:colcon.colcon_notification.desktop_notification.notify2:Failed to initialize notify2: org.freedesktop.DBus.Error.FileNotFound: Failed to connect to socket /run/user/1000/bus: No such file or directory
[2.196s] DEBUG:colcon.colcon_core.event_reactor:joined thread
[2.196s] INFO:colcon.colcon_core.shell:Creating prefix script '/home/dido/servo_controller/install/local_setup.ps1'
[2.197s] INFO:colcon.colcon_core.shell:Creating prefix util module '/home/dido/servo_controller/install/_local_setup_util_ps1.py'
[2.199s] INFO:colcon.colcon_core.shell:Creating prefix chain script '/home/dido/servo_controller/install/setup.ps1'
[2.201s] INFO:colcon.colcon_core.shell:Creating prefix script '/home/dido/servo_controller/install/local_setup.sh'
[2.202s] INFO:colcon.colcon_core.shell:Creating prefix util module '/home/dido/servo_controller/install/_local_setup_util_sh.py'
[2.202s] INFO:colcon.colcon_core.shell:Creating prefix chain script '/home/dido/servo_controller/install/setup.sh'
[2.204s] INFO:colcon.colcon_core.shell:Creating prefix script '/home/dido/servo_controller/install/local_setup.bash'
[2.205s] INFO:colcon.colcon_core.shell:Creating prefix chain script '/home/dido/servo_controller/install/setup.bash'
[2.207s] INFO:colcon.colcon_core.shell:Creating prefix script '/home/dido/servo_controller/install/local_setup.zsh'
[2.208s] INFO:colcon.colcon_core.shell:Creating prefix chain script '/home/dido/servo_controller/install/setup.zsh'
