[0.634s] Invoking command in '/home/dido/servo_controller': PYTHONPATH=/home/dido/servo_controller/build/servo_controller/prefix_override:/usr/lib/python3/dist-packages/colcon_core/task/python/colcon_distutils_commands:/home/dido/servo_controller/install/servo_controller/lib/python3.10/site-packages:${PYTHONPATH} /usr/bin/python3 -W ignore:setup.py install is deprecated setup.py egg_info --egg-base build/servo_controller build --build-base /home/dido/servo_controller/build/servo_controller/build install --record /home/dido/servo_controller/build/servo_controller/install.log --single-version-externally-managed install_data
[0.893s] running egg_info
[0.894s] writing build/servo_controller/servo_controller.egg-info/PKG-INFO
[0.894s] writing dependency_links to build/servo_controller/servo_controller.egg-info/dependency_links.txt
[0.895s] writing entry points to build/servo_controller/servo_controller.egg-info/entry_points.txt
[0.895s] writing requirements to build/servo_controller/servo_controller.egg-info/requires.txt
[0.895s] writing top-level names to build/servo_controller/servo_controller.egg-info/top_level.txt
[0.896s] reading manifest file 'build/servo_controller/servo_controller.egg-info/SOURCES.txt'
[0.897s] adding license file 'LICENSE'
[0.897s] writing manifest file 'build/servo_controller/servo_controller.egg-info/SOURCES.txt'
[0.898s] running build
[0.898s] running build_py
[0.898s] running install
[0.898s] running install_lib
[0.900s] running install_data
[0.900s] running install_egg_info
[0.901s] removing '/home/dido/servo_controller/install/servo_controller/lib/python3.10/site-packages/servo_controller-0.0.0-py3.10.egg-info' (and everything under it)
[0.902s] Copying build/servo_controller/servo_controller.egg-info to /home/dido/servo_controller/install/servo_controller/lib/python3.10/site-packages/servo_controller-0.0.0-py3.10.egg-info
[0.903s] running install_scripts
[0.924s] Installing servo_controller script to /home/dido/servo_controller/install/servo_controller/lib/servo_controller
[0.924s] writing list of installed files to '/home/dido/servo_controller/build/servo_controller/install.log'
[0.951s] Invoked command in '/home/dido/servo_controller' returned '0': PYTHONPATH=/home/dido/servo_controller/build/servo_controller/prefix_override:/usr/lib/python3/dist-packages/colcon_core/task/python/colcon_distutils_commands:/home/dido/servo_controller/install/servo_controller/lib/python3.10/site-packages:${PYTHONPATH} /usr/bin/python3 -W ignore:setup.py install is deprecated setup.py egg_info --egg-base build/servo_controller build --build-base /home/dido/servo_controller/build/servo_controller/build install --record /home/dido/servo_controller/build/servo_controller/install.log --single-version-externally-managed install_data
