running egg_info
writing build/servo_controller/servo_controller.egg-info/PKG-INFO
writing dependency_links to build/servo_controller/servo_controller.egg-info/dependency_links.txt
writing entry points to build/servo_controller/servo_controller.egg-info/entry_points.txt
writing requirements to build/servo_controller/servo_controller.egg-info/requires.txt
writing top-level names to build/servo_controller/servo_controller.egg-info/top_level.txt
reading manifest file 'build/servo_controller/servo_controller.egg-info/SOURCES.txt'
adding license file 'LICENSE'
writing manifest file 'build/servo_controller/servo_controller.egg-info/SOURCES.txt'
running build
running build_py
running install
running install_lib
creating /home/esteban/Intro_robots/install/servo_controller/lib/python3.10/site-packages/servo_controller
copying /home/esteban/Intro_robots/build/servo_controller/build/lib/servo_controller/turtlebot_servo.py -> /home/esteban/Intro_robots/install/servo_controller/lib/python3.10/site-packages/servo_controller
copying /home/esteban/Intro_robots/build/servo_controller/build/lib/servo_controller/servo_controller.py -> /home/esteban/Intro_robots/install/servo_controller/lib/python3.10/site-packages/servo_controller
copying /home/esteban/Intro_robots/build/servo_controller/build/lib/servo_controller/__init__.py -> /home/esteban/Intro_robots/install/servo_controller/lib/python3.10/site-packages/servo_controller
byte-compiling /home/esteban/Intro_robots/install/servo_controller/lib/python3.10/site-packages/servo_controller/turtlebot_servo.py to turtlebot_servo.cpython-310.pyc
byte-compiling /home/esteban/Intro_robots/install/servo_controller/lib/python3.10/site-packages/servo_controller/servo_controller.py to servo_controller.cpython-310.pyc
byte-compiling /home/esteban/Intro_robots/install/servo_controller/lib/python3.10/site-packages/servo_controller/__init__.py to __init__.cpython-310.pyc
running install_data
creating /home/esteban/Intro_robots/install/servo_controller/share/ament_index
creating /home/esteban/Intro_robots/install/servo_controller/share/ament_index/resource_index
creating /home/esteban/Intro_robots/install/servo_controller/share/ament_index/resource_index/packages
copying resource/servo_controller -> /home/esteban/Intro_robots/install/servo_controller/share/ament_index/resource_index/packages
copying package.xml -> /home/esteban/Intro_robots/install/servo_controller/share/servo_controller
creating /home/esteban/Intro_robots/install/servo_controller/share/servo_controller/launch
copying launch/servo_controller_gazebo.launch.py -> /home/esteban/Intro_robots/install/servo_controller/share/servo_controller/launch
creating /home/esteban/Intro_robots/install/servo_controller/share/servo_controller/urdf
copying urdf/my_turtlebot3_burger.urdf -> /home/esteban/Intro_robots/install/servo_controller/share/servo_controller/urdf
running install_egg_info
Copying build/servo_controller/servo_controller.egg-info to /home/esteban/Intro_robots/install/servo_controller/lib/python3.10/site-packages/servo_controller-0.0.0-py3.10.egg-info
running install_scripts
Installing servo_controller script to /home/esteban/Intro_robots/install/servo_controller/lib/servo_controller
writing list of installed files to '/home/esteban/Intro_robots/build/servo_controller/install.log'
