[1.041s] Invoking command in '/home/esteban/Intro_robots': PYTHONPATH=/home/esteban/Intro_robots/build/servo_controller/prefix_override:/usr/lib/python3/dist-packages/colcon_core/task/python/colcon_distutils_commands:/home/esteban/Intro_robots/install/servo_controller/lib/python3.10/site-packages:${PYTHONPATH} /usr/bin/python3 -W ignore:setup.py install is deprecated setup.py egg_info --egg-base build/servo_controller build --build-base /home/esteban/Intro_robots/build/servo_controller/build install --record /home/esteban/Intro_robots/build/servo_controller/install.log --single-version-externally-managed install_data
[1.448s] running egg_info
[1.449s] writing build/servo_controller/servo_controller.egg-info/PKG-INFO
[1.450s] writing dependency_links to build/servo_controller/servo_controller.egg-info/dependency_links.txt
[1.450s] writing entry points to build/servo_controller/servo_controller.egg-info/entry_points.txt
[1.451s] writing requirements to build/servo_controller/servo_controller.egg-info/requires.txt
[1.452s] writing top-level names to build/servo_controller/servo_controller.egg-info/top_level.txt
[1.454s] reading manifest file 'build/servo_controller/servo_controller.egg-info/SOURCES.txt'
[1.455s] adding license file 'LICENSE'
[1.456s] writing manifest file 'build/servo_controller/servo_controller.egg-info/SOURCES.txt'
[1.457s] running build
[1.457s] running build_py
[1.457s] running install
[1.457s] running install_lib
[1.459s] running install_data
[1.460s] copying launch/view_robot.launch.py -> /home/esteban/Intro_robots/install/servo_controller/share/servo_controller/launch
[1.460s] running install_egg_info
[1.464s] removing '/home/esteban/Intro_robots/install/servo_controller/lib/python3.10/site-packages/servo_controller-0.0.0-py3.10.egg-info' (and everything under it)
[1.464s] Copying build/servo_controller/servo_controller.egg-info to /home/esteban/Intro_robots/install/servo_controller/lib/python3.10/site-packages/servo_controller-0.0.0-py3.10.egg-info
[1.466s] running install_scripts
[1.495s] Installing servo_controller script to /home/esteban/Intro_robots/install/servo_controller/lib/servo_controller
[1.496s] writing list of installed files to '/home/esteban/Intro_robots/build/servo_controller/install.log'
[1.527s] Invoked command in '/home/esteban/Intro_robots' returned '0': PYTHONPATH=/home/esteban/Intro_robots/build/servo_controller/prefix_override:/usr/lib/python3/dist-packages/colcon_core/task/python/colcon_distutils_commands:/home/esteban/Intro_robots/install/servo_controller/lib/python3.10/site-packages:${PYTHONPATH} /usr/bin/python3 -W ignore:setup.py install is deprecated setup.py egg_info --egg-base build/servo_controller build --build-base /home/esteban/Intro_robots/build/servo_controller/build install --record /home/esteban/Intro_robots/build/servo_controller/install.log --single-version-externally-managed install_data
